  [1m[36m (2.5ms)[0m  [1mCREATE TABLE "schema_migrations" ("version" varchar NOT NULL) [0m
  [1m[35m (0.1ms)[0m  select sqlite_version(*)
  [1m[36m (2.0ms)[0m  [1mCREATE UNIQUE INDEX "unique_schema_migrations" ON "schema_migrations" ("version")[0m
  [1m[35mActiveRecord::SchemaMigration Load (0.1ms)[0m  SELECT "schema_migrations".* FROM "schema_migrations"
Migrating to CreateCorgis (20160602040832)
  [1m[36mActiveRecord::SchemaMigration Load (0.2ms)[0m  [1mSELECT "schema_migrations".* FROM "schema_migrations"[0m
Migrating to CreateCorgis (20160602040832)
  [1m[35m (0.2ms)[0m  begin transaction
  [1m[36m (0.7ms)[0m  [1mCREATE TABLE "corgis" ("id" INTEGER PRIMARY KEY AUTOINCREMENT NOT NULL, "name" varchar NOT NULL, "created_at" datetime NOT NULL, "updated_at" datetime NOT NULL) [0m
  [1m[35mSQL (0.4ms)[0m  INSERT INTO "schema_migrations" ("version") VALUES (?)  [["version", "20160602040832"]]
  [1m[36m (2.2ms)[0m  [1mcommit transaction[0m
Migrating to CreateCats (20160602040839)
  [1m[35m (0.1ms)[0m  begin transaction
  [1m[36m (0.6ms)[0m  [1mCREATE TABLE "cats" ("id" INTEGER PRIMARY KEY AUTOINCREMENT NOT NULL, "name" varchar NOT NULL, "created_at" datetime NOT NULL, "updated_at" datetime NOT NULL) [0m
  [1m[35mSQL (0.3ms)[0m  INSERT INTO "schema_migrations" ("version") VALUES (?)  [["version", "20160602040839"]]
  [1m[36m (4.1ms)[0m  [1mcommit transaction[0m
  [1m[35mActiveRecord::SchemaMigration Load (0.2ms)[0m  SELECT "schema_migrations".* FROM "schema_migrations"
  [1m[36mActiveRecord::SchemaMigration Load (0.1ms)[0m  [1mSELECT "schema_migrations".* FROM "schema_migrations"[0m
Migrating to CreateToy (20161007154846)
  [1m[35m (0.2ms)[0m  begin transaction
  [1m[36m (0.5ms)[0m  [1mCREATE TABLE "toys" ("id" INTEGER PRIMARY KEY AUTOINCREMENT NOT NULL, "name" varchar NOT NULL, "toyable_id" integer, "toyable_type" varchar) [0m
  [1m[35m (0.1ms)[0m  select sqlite_version(*)
  [1m[36m (0.2ms)[0m  [1mCREATE  INDEX "index_toys_on_name" ON "toys" ("name")[0m
  [1m[35m (0.3ms)[0m              SELECT sql
            FROM sqlite_master
            WHERE name='index_toys_on_name' AND type='index'
            UNION ALL
            SELECT sql
            FROM sqlite_temp_master
            WHERE name='index_toys_on_name' AND type='index'

  [1m[36m (0.2ms)[0m  [1mCREATE  INDEX "index_toys_on_toyable_type_and_toyable_id" ON "toys" ("toyable_type", "toyable_id")[0m
  [1m[35mSQL (0.3ms)[0m  INSERT INTO "schema_migrations" ("version") VALUES (?)  [["version", "20161007154846"]]
  [1m[36m (169.7ms)[0m  [1mcommit transaction[0m
  [1m[35mActiveRecord::SchemaMigration Load (0.2ms)[0m  SELECT "schema_migrations".* FROM "schema_migrations"
  [1m[36m (0.3ms)[0m  [1m            SELECT sql
            FROM sqlite_master
            WHERE name='index_toys_on_toyable_type_and_toyable_id' AND type='index'
            UNION ALL
            SELECT sql
            FROM sqlite_temp_master
            WHERE name='index_toys_on_toyable_type_and_toyable_id' AND type='index'
[0m
  [1m[35m (0.2ms)[0m              SELECT sql
            FROM sqlite_master
            WHERE name='index_toys_on_name' AND type='index'
            UNION ALL
            SELECT sql
            FROM sqlite_temp_master
            WHERE name='index_toys_on_name' AND type='index'

  [1m[36mActiveRecord::SchemaMigration Load (0.1ms)[0m  [1mSELECT "schema_migrations".* FROM "schema_migrations"[0m
  [1m[36mActiveRecord::SchemaMigration Load (0.1ms)[0m  [1mSELECT "schema_migrations".* FROM "schema_migrations"[0m
  [1m[35m (0.1ms)[0m  begin transaction
  [1m[36mSQL (0.6ms)[0m  [1mINSERT INTO "corgis" ("name", "created_at", "updated_at") VALUES (?, ?, ?)[0m  [["name", "Dortha"], ["created_at", "2016-10-07 15:58:01.672291"], ["updated_at", "2016-10-07 15:58:01.672291"]]
  [1m[35m (100.6ms)[0m  commit transaction
  [1m[36m (0.1ms)[0m  [1mbegin transaction[0m
  [1m[35mSQL (0.4ms)[0m  INSERT INTO "cats" ("name", "created_at", "updated_at") VALUES (?, ?, ?)  [["name", "Glen"], ["created_at", "2016-10-07 15:58:01.787928"], ["updated_at", "2016-10-07 15:58:01.787928"]]
  [1m[36m (112.4ms)[0m  [1mcommit transaction[0m
  [1m[35m (0.3ms)[0m  begin transaction
  [1m[36mSQL (0.4ms)[0m  [1mINSERT INTO "corgis" ("name", "created_at", "updated_at") VALUES (?, ?, ?)[0m  [["name", "Fermin"], ["created_at", "2016-10-07 15:58:01.904759"], ["updated_at", "2016-10-07 15:58:01.904759"]]
  [1m[35m (103.4ms)[0m  commit transaction
  [1m[36m (0.2ms)[0m  [1mbegin transaction[0m
  [1m[35mSQL (0.4ms)[0m  INSERT INTO "cats" ("name", "created_at", "updated_at") VALUES (?, ?, ?)  [["name", "Douglas"], ["created_at", "2016-10-07 15:58:02.011978"], ["updated_at", "2016-10-07 15:58:02.011978"]]
  [1m[36m (112.9ms)[0m  [1mcommit transaction[0m
  [1m[35m (0.2ms)[0m  begin transaction
  [1m[36mSQL (0.5ms)[0m  [1mINSERT INTO "corgis" ("name", "created_at", "updated_at") VALUES (?, ?, ?)[0m  [["name", "Fernando"], ["created_at", "2016-10-07 15:58:02.129343"], ["updated_at", "2016-10-07 15:58:02.129343"]]
  [1m[35m (112.3ms)[0m  commit transaction
  [1m[36m (0.2ms)[0m  [1mbegin transaction[0m
  [1m[35mSQL (0.4ms)[0m  INSERT INTO "cats" ("name", "created_at", "updated_at") VALUES (?, ?, ?)  [["name", "Ethyl"], ["created_at", "2016-10-07 15:58:02.246009"], ["updated_at", "2016-10-07 15:58:02.246009"]]
  [1m[36m (112.2ms)[0m  [1mcommit transaction[0m
  [1m[35m (0.2ms)[0m  begin transaction
  [1m[36mSQL (0.4ms)[0m  [1mINSERT INTO "corgis" ("name", "created_at", "updated_at") VALUES (?, ?, ?)[0m  [["name", "Aniyah"], ["created_at", "2016-10-07 15:58:02.362990"], ["updated_at", "2016-10-07 15:58:02.362990"]]
  [1m[35m (111.9ms)[0m  commit transaction
  [1m[36m (0.2ms)[0m  [1mbegin transaction[0m
  [1m[35mSQL (0.5ms)[0m  INSERT INTO "cats" ("name", "created_at", "updated_at") VALUES (?, ?, ?)  [["name", "Zion"], ["created_at", "2016-10-07 15:58:02.479719"], ["updated_at", "2016-10-07 15:58:02.479719"]]
  [1m[36m (103.3ms)[0m  [1mcommit transaction[0m
  [1m[35m (0.3ms)[0m  begin transaction
  [1m[36mSQL (0.4ms)[0m  [1mINSERT INTO "corgis" ("name", "created_at", "updated_at") VALUES (?, ?, ?)[0m  [["name", "Jaida"], ["created_at", "2016-10-07 15:58:02.588466"], ["updated_at", "2016-10-07 15:58:02.588466"]]
  [1m[35m (103.0ms)[0m  commit transaction
  [1m[36m (0.1ms)[0m  [1mbegin transaction[0m
  [1m[35mSQL (0.4ms)[0m  INSERT INTO "cats" ("name", "created_at", "updated_at") VALUES (?, ?, ?)  [["name", "Graciela"], ["created_at", "2016-10-07 15:58:02.695256"], ["updated_at", "2016-10-07 15:58:02.695256"]]
  [1m[36m (113.1ms)[0m  [1mcommit transaction[0m
  [1m[35m (0.1ms)[0m  begin transaction
  [1m[36mSQL (0.4ms)[0m  [1mINSERT INTO "corgis" ("name", "created_at", "updated_at") VALUES (?, ?, ?)[0m  [["name", "Maximilian"], ["created_at", "2016-10-07 15:58:02.812396"], ["updated_at", "2016-10-07 15:58:02.812396"]]
  [1m[35m (112.5ms)[0m  commit transaction
  [1m[36m (0.2ms)[0m  [1mbegin transaction[0m
  [1m[35mSQL (0.4ms)[0m  INSERT INTO "cats" ("name", "created_at", "updated_at") VALUES (?, ?, ?)  [["name", "Ottilie"], ["created_at", "2016-10-07 15:58:02.928882"], ["updated_at", "2016-10-07 15:58:02.928882"]]
  [1m[36m (111.9ms)[0m  [1mcommit transaction[0m
  [1m[35m (0.2ms)[0m  begin transaction
  [1m[36mSQL (0.4ms)[0m  [1mINSERT INTO "corgis" ("name", "created_at", "updated_at") VALUES (?, ?, ?)[0m  [["name", "Joany"], ["created_at", "2016-10-07 15:58:03.046293"], ["updated_at", "2016-10-07 15:58:03.046293"]]
  [1m[35m (95.5ms)[0m  commit transaction
  [1m[36m (0.2ms)[0m  [1mbegin transaction[0m
  [1m[35mSQL (0.4ms)[0m  INSERT INTO "cats" ("name", "created_at", "updated_at") VALUES (?, ?, ?)  [["name", "Reid"], ["created_at", "2016-10-07 15:58:03.146166"], ["updated_at", "2016-10-07 15:58:03.146166"]]
  [1m[36m (112.1ms)[0m  [1mcommit transaction[0m
  [1m[35m (0.2ms)[0m  begin transaction
  [1m[36mSQL (0.3ms)[0m  [1mINSERT INTO "corgis" ("name", "created_at", "updated_at") VALUES (?, ?, ?)[0m  [["name", "Deion"], ["created_at", "2016-10-07 15:58:03.262980"], ["updated_at", "2016-10-07 15:58:03.262980"]]
  [1m[35m (120.4ms)[0m  commit transaction
  [1m[36m (0.2ms)[0m  [1mbegin transaction[0m
  [1m[35mSQL (0.4ms)[0m  INSERT INTO "cats" ("name", "created_at", "updated_at") VALUES (?, ?, ?)  [["name", "Gretchen"], ["created_at", "2016-10-07 15:58:03.387598"], ["updated_at", "2016-10-07 15:58:03.387598"]]
  [1m[36m (120.5ms)[0m  [1mcommit transaction[0m
  [1m[35m (0.1ms)[0m  begin transaction
  [1m[36mSQL (0.5ms)[0m  [1mINSERT INTO "corgis" ("name", "created_at", "updated_at") VALUES (?, ?, ?)[0m  [["name", "Irma"], ["created_at", "2016-10-07 15:58:03.512163"], ["updated_at", "2016-10-07 15:58:03.512163"]]
  [1m[35m (104.3ms)[0m  commit transaction
  [1m[36m (0.1ms)[0m  [1mbegin transaction[0m
  [1m[35mSQL (0.4ms)[0m  INSERT INTO "cats" ("name", "created_at", "updated_at") VALUES (?, ?, ?)  [["name", "Reggie"], ["created_at", "2016-10-07 15:58:03.620489"], ["updated_at", "2016-10-07 15:58:03.620489"]]
  [1m[36m (112.9ms)[0m  [1mcommit transaction[0m
  [1m[35m (0.1ms)[0m  begin transaction
  [1m[36mSQL (0.4ms)[0m  [1mINSERT INTO "corgis" ("name", "created_at", "updated_at") VALUES (?, ?, ?)[0m  [["name", "Sofia"], ["created_at", "2016-10-07 15:58:03.737558"], ["updated_at", "2016-10-07 15:58:03.737558"]]
  [1m[35m (112.5ms)[0m  commit transaction
  [1m[36m (0.2ms)[0m  [1mbegin transaction[0m
  [1m[35mSQL (0.4ms)[0m  INSERT INTO "cats" ("name", "created_at", "updated_at") VALUES (?, ?, ?)  [["name", "Tanner"], ["created_at", "2016-10-07 15:58:03.854824"], ["updated_at", "2016-10-07 15:58:03.854824"]]
  [1m[36m (111.4ms)[0m  [1mcommit transaction[0m
  [1m[35m (0.1ms)[0m  begin transaction
  [1m[36mSQL (0.8ms)[0m  [1mINSERT INTO "toys" ("name", "toyable_id", "toyable_type") VALUES (?, ?, ?)[0m  [["name", "The Star-Lord Skull"], ["toyable_id", 10], ["toyable_type", "Corgi"]]
  [1m[35m (118.1ms)[0m  commit transaction
  [1m[36m (0.1ms)[0m  [1mbegin transaction[0m
  [1m[35mSQL (0.4ms)[0m  INSERT INTO "toys" ("name", "toyable_id", "toyable_type") VALUES (?, ?, ?)  [["name", "Supah Yellow"], ["toyable_id", 9], ["toyable_type", "Cat"]]
  [1m[36m (113.8ms)[0m  [1mcommit transaction[0m
  [1m[35m (0.2ms)[0m  begin transaction
  [1m[36mSQL (0.6ms)[0m  [1mINSERT INTO "toys" ("name", "toyable_id", "toyable_type") VALUES (?, ?, ?)[0m  [["name", "Captain Beetle"], ["toyable_id", 8], ["toyable_type", "Cat"]]
  [1m[35m (112.8ms)[0m  commit transaction
  [1m[36m (0.2ms)[0m  [1mbegin transaction[0m
  [1m[35mSQL (0.5ms)[0m  INSERT INTO "toys" ("name", "toyable_id", "toyable_type") VALUES (?, ?, ?)  [["name", "Morph Skull"], ["toyable_id", 10], ["toyable_type", "Corgi"]]
  [1m[36m (112.0ms)[0m  [1mcommit transaction[0m
  [1m[35m (0.2ms)[0m  begin transaction
  [1m[36mSQL (0.5ms)[0m  [1mINSERT INTO "toys" ("name", "toyable_id", "toyable_type") VALUES (?, ?, ?)[0m  [["name", "Cable Thirteen"], ["toyable_id", 10], ["toyable_type", "Cat"]]
  [1m[35m (112.4ms)[0m  commit transaction
  [1m[36m (0.2ms)[0m  [1mbegin transaction[0m
  [1m[35mSQL (0.5ms)[0m  INSERT INTO "toys" ("name", "toyable_id", "toyable_type") VALUES (?, ?, ?)  [["name", "Illustrious Ariel"], ["toyable_id", 1], ["toyable_type", "Cat"]]
  [1m[36m (112.7ms)[0m  [1mcommit transaction[0m
  [1m[35m (0.3ms)[0m  begin transaction
  [1m[36mSQL (0.6ms)[0m  [1mINSERT INTO "toys" ("name", "toyable_id", "toyable_type") VALUES (?, ?, ?)[0m  [["name", "White Queen"], ["toyable_id", 10], ["toyable_type", "Cat"]]
  [1m[35m (111.6ms)[0m  commit transaction
  [1m[36m (0.1ms)[0m  [1mbegin transaction[0m
  [1m[35mSQL (0.5ms)[0m  INSERT INTO "toys" ("name", "toyable_id", "toyable_type") VALUES (?, ?, ?)  [["name", "Wolfsbane Woman"], ["toyable_id", 7], ["toyable_type", "Cat"]]
  [1m[36m (105.2ms)[0m  [1mcommit transaction[0m
  [1m[35m (0.1ms)[0m  begin transaction
  [1m[36mSQL (0.5ms)[0m  [1mINSERT INTO "toys" ("name", "toyable_id", "toyable_type") VALUES (?, ?, ?)[0m  [["name", "Penguin III"], ["toyable_id", 5], ["toyable_type", "Corgi"]]
  [1m[35m (113.6ms)[0m  commit transaction
  [1m[36m (0.1ms)[0m  [1mbegin transaction[0m
  [1m[35mSQL (0.5ms)[0m  INSERT INTO "toys" ("name", "toyable_id", "toyable_type") VALUES (?, ?, ?)  [["name", "Agent Trickster XI"], ["toyable_id", 7], ["toyable_type", "Corgi"]]
  [1m[36m (105.3ms)[0m  [1mcommit transaction[0m
  [1m[35m (0.3ms)[0m  begin transaction
  [1m[36mSQL (0.6ms)[0m  [1mINSERT INTO "toys" ("name", "toyable_id", "toyable_type") VALUES (?, ?, ?)[0m  [["name", "Supah Match XI"], ["toyable_id", 8], ["toyable_type", "Corgi"]]
  [1m[35m (103.7ms)[0m  commit transaction
  [1m[36m (0.3ms)[0m  [1mbegin transaction[0m
  [1m[35mSQL (0.6ms)[0m  INSERT INTO "toys" ("name", "toyable_id", "toyable_type") VALUES (?, ?, ?)  [["name", "Beast"], ["toyable_id", 7], ["toyable_type", "Cat"]]
  [1m[36m (103.9ms)[0m  [1mcommit transaction[0m
  [1m[35m (0.2ms)[0m  begin transaction
  [1m[36mSQL (0.5ms)[0m  [1mINSERT INTO "toys" ("name", "toyable_id", "toyable_type") VALUES (?, ?, ?)[0m  [["name", "Thundra"], ["toyable_id", 6], ["toyable_type", "Cat"]]
  [1m[35m (112.5ms)[0m  commit transaction
  [1m[36m (0.2ms)[0m  [1mbegin transaction[0m
  [1m[35mSQL (0.6ms)[0m  INSERT INTO "toys" ("name", "toyable_id", "toyable_type") VALUES (?, ?, ?)  [["name", "Destroyer Girl"], ["toyable_id", 11], ["toyable_type", "Cat"]]
  [1m[36m (112.6ms)[0m  [1mcommit transaction[0m
  [1m[35m (0.2ms)[0m  begin transaction
  [1m[36mSQL (0.6ms)[0m  [1mINSERT INTO "toys" ("name", "toyable_id", "toyable_type") VALUES (?, ?, ?)[0m  [["name", "Genesis"], ["toyable_id", 8], ["toyable_type", "Cat"]]
  [1m[35m (120.0ms)[0m  commit transaction
  [1m[36m (0.2ms)[0m  [1mbegin transaction[0m
  [1m[35mSQL (0.7ms)[0m  INSERT INTO "toys" ("name", "toyable_id", "toyable_type") VALUES (?, ?, ?)  [["name", "General Deathlok"], ["toyable_id", 9], ["toyable_type", "Corgi"]]
  [1m[36m (112.3ms)[0m  [1mcommit transaction[0m
  [1m[35m (0.3ms)[0m  begin transaction
  [1m[36mSQL (0.6ms)[0m  [1mINSERT INTO "toys" ("name", "toyable_id", "toyable_type") VALUES (?, ?, ?)[0m  [["name", "The Clea II"], ["toyable_id", 8], ["toyable_type", "Cat"]]
  [1m[35m (120.2ms)[0m  commit transaction
  [1m[36m (0.2ms)[0m  [1mbegin transaction[0m
  [1m[35mSQL (0.6ms)[0m  INSERT INTO "toys" ("name", "toyable_id", "toyable_type") VALUES (?, ?, ?)  [["name", "Agent Elongated Man Strange"], ["toyable_id", 8], ["toyable_type", "Cat"]]
  [1m[36m (120.5ms)[0m  [1mcommit transaction[0m
  [1m[35m (0.3ms)[0m  begin transaction
  [1m[36mSQL (0.5ms)[0m  [1mINSERT INTO "toys" ("name", "toyable_id", "toyable_type") VALUES (?, ?, ?)[0m  [["name", "Ultra Garbage"], ["toyable_id", 8], ["toyable_type", "Cat"]]
  [1m[35m (112.8ms)[0m  commit transaction
  [1m[36m (0.1ms)[0m  [1mbegin transaction[0m
  [1m[35mSQL (0.4ms)[0m  INSERT INTO "toys" ("name", "toyable_id", "toyable_type") VALUES (?, ?, ?)  [["name", "Ares"], ["toyable_id", 6], ["toyable_type", "Corgi"]]
  [1m[36m (113.7ms)[0m  [1mcommit transaction[0m
  [1m[35m (0.2ms)[0m  begin transaction
  [1m[36mSQL (0.6ms)[0m  [1mINSERT INTO "toys" ("name", "toyable_id", "toyable_type") VALUES (?, ?, ?)[0m  [["name", "General Luna"], ["toyable_id", 6], ["toyable_type", "Cat"]]
  [1m[35m (112.4ms)[0m  commit transaction
  [1m[36m (0.1ms)[0m  [1mbegin transaction[0m
  [1m[35mSQL (0.4ms)[0m  INSERT INTO "toys" ("name", "toyable_id", "toyable_type") VALUES (?, ?, ?)  [["name", "Red Hulk"], ["toyable_id", 2], ["toyable_type", "Corgi"]]
  [1m[36m (105.2ms)[0m  [1mcommit transaction[0m
  [1m[35m (0.1ms)[0m  begin transaction
  [1m[36mSQL (0.5ms)[0m  [1mINSERT INTO "toys" ("name", "toyable_id", "toyable_type") VALUES (?, ?, ?)[0m  [["name", "Captain Warpath Boy"], ["toyable_id", 7], ["toyable_type", "Corgi"]]
  [1m[35m (97.2ms)[0m  commit transaction
  [1m[36m (0.1ms)[0m  [1mbegin transaction[0m
  [1m[35mSQL (0.6ms)[0m  INSERT INTO "toys" ("name", "toyable_id", "toyable_type") VALUES (?, ?, ?)  [["name", "Moloch"], ["toyable_id", 10], ["toyable_type", "Cat"]]
  [1m[36m (113.6ms)[0m  [1mcommit transaction[0m
  [1m[35m (0.2ms)[0m  begin transaction
  [1m[36mSQL (0.5ms)[0m  [1mINSERT INTO "toys" ("name", "toyable_id", "toyable_type") VALUES (?, ?, ?)[0m  [["name", "Magnificent Sylar II"], ["toyable_id", 9], ["toyable_type", "Corgi"]]
  [1m[35m (112.3ms)[0m  commit transaction
  [1m[36m (0.2ms)[0m  [1mbegin transaction[0m
  [1m[35mSQL (0.5ms)[0m  INSERT INTO "toys" ("name", "toyable_id", "toyable_type") VALUES (?, ?, ?)  [["name", "Illustrious Thor Spirit"], ["toyable_id", 3], ["toyable_type", "Cat"]]
  [1m[36m (112.7ms)[0m  [1mcommit transaction[0m
  [1m[35m (0.2ms)[0m  begin transaction
  [1m[36mSQL (0.6ms)[0m  [1mINSERT INTO "toys" ("name", "toyable_id", "toyable_type") VALUES (?, ?, ?)[0m  [["name", "Ultra Colin Wagner Eyes"], ["toyable_id", 5], ["toyable_type", "Cat"]]
  [1m[35m (111.3ms)[0m  commit transaction
  [1m[36m (0.2ms)[0m  [1mbegin transaction[0m
  [1m[35mSQL (0.5ms)[0m  INSERT INTO "toys" ("name", "toyable_id", "toyable_type") VALUES (?, ?, ?)  [["name", "Ammo Strike"], ["toyable_id", 5], ["toyable_type", "Corgi"]]
  [1m[36m (96.0ms)[0m  [1mcommit transaction[0m
  [1m[35m (1.5ms)[0m  begin transaction
  [1m[36mSQL (0.5ms)[0m  [1mINSERT INTO "toys" ("name", "toyable_id", "toyable_type") VALUES (?, ?, ?)[0m  [["name", "Captain Sunspot"], ["toyable_id", 9], ["toyable_type", "Corgi"]]
  [1m[35m (117.3ms)[0m  commit transaction
  [1m[36m (0.2ms)[0m  [1mbegin transaction[0m
  [1m[35mSQL (0.5ms)[0m  INSERT INTO "toys" ("name", "toyable_id", "toyable_type") VALUES (?, ?, ?)  [["name", "Archangel"], ["toyable_id", 11], ["toyable_type", "Cat"]]
  [1m[36m (120.5ms)[0m  [1mcommit transaction[0m
  [1m[35m (0.2ms)[0m  begin transaction
  [1m[36mSQL (0.5ms)[0m  [1mINSERT INTO "toys" ("name", "toyable_id", "toyable_type") VALUES (?, ?, ?)[0m  [["name", "Maverick"], ["toyable_id", 9], ["toyable_type", "Cat"]]
  [1m[35m (112.3ms)[0m  commit transaction
  [1m[36m (0.1ms)[0m  [1mbegin transaction[0m
  [1m[35mSQL (0.4ms)[0m  INSERT INTO "toys" ("name", "toyable_id", "toyable_type") VALUES (?, ?, ?)  [["name", "Molten Man"], ["toyable_id", 4], ["toyable_type", "Corgi"]]
  [1m[36m (105.4ms)[0m  [1mcommit transaction[0m
  [1m[35m (0.1ms)[0m  begin transaction
  [1m[36mSQL (0.4ms)[0m  [1mINSERT INTO "toys" ("name", "toyable_id", "toyable_type") VALUES (?, ?, ?)[0m  [["name", "Doctor Exodus Claw"], ["toyable_id", 4], ["toyable_type", "Cat"]]
  [1m[35m (121.7ms)[0m  commit transaction
  [1m[36m (0.2ms)[0m  [1mbegin transaction[0m
  [1m[35mSQL (0.5ms)[0m  INSERT INTO "toys" ("name", "toyable_id", "toyable_type") VALUES (?, ?, ?)  [["name", "Cyborg Toxin"], ["toyable_id", 9], ["toyable_type", "Corgi"]]
  [1m[36m (119.9ms)[0m  [1mcommit transaction[0m
  [1m[35m (0.2ms)[0m  begin transaction
  [1m[36mSQL (0.6ms)[0m  [1mINSERT INTO "toys" ("name", "toyable_id", "toyable_type") VALUES (?, ?, ?)[0m  [["name", "General Violet IX"], ["toyable_id", 5], ["toyable_type", "Cat"]]
  [1m[35m (119.9ms)[0m  commit transaction
  [1m[36m (0.1ms)[0m  [1mbegin transaction[0m
  [1m[35mSQL (0.4ms)[0m  INSERT INTO "toys" ("name", "toyable_id", "toyable_type") VALUES (?, ?, ?)  [["name", "Dark Electro"], ["toyable_id", 9], ["toyable_type", "Corgi"]]
  [1m[36m (113.7ms)[0m  [1mcommit transaction[0m
  [1m[35m (0.2ms)[0m  begin transaction
  [1m[36mSQL (0.6ms)[0m  [1mINSERT INTO "toys" ("name", "toyable_id", "toyable_type") VALUES (?, ?, ?)[0m  [["name", "Mr Ego"], ["toyable_id", 7], ["toyable_type", "Cat"]]
  [1m[35m (113.0ms)[0m  commit transaction
  [1m[36m (0.2ms)[0m  [1mbegin transaction[0m
  [1m[35mSQL (0.7ms)[0m  INSERT INTO "toys" ("name", "toyable_id", "toyable_type") VALUES (?, ?, ?)  [["name", "Doppelganger"], ["toyable_id", 6], ["toyable_type", "Corgi"]]
  [1m[36m (111.8ms)[0m  [1mcommit transaction[0m
  [1m[35m (0.2ms)[0m  begin transaction
  [1m[36mSQL (0.5ms)[0m  [1mINSERT INTO "toys" ("name", "toyable_id", "toyable_type") VALUES (?, ?, ?)[0m  [["name", "Mr Thing"], ["toyable_id", 5], ["toyable_type", "Corgi"]]
  [1m[35m (96.0ms)[0m  commit transaction
  [1m[36m (0.3ms)[0m  [1mbegin transaction[0m
  [1m[35mSQL (0.4ms)[0m  INSERT INTO "toys" ("name", "toyable_id", "toyable_type") VALUES (?, ?, ?)  [["name", "Bloodhawk"], ["toyable_id", 5], ["toyable_type", "Cat"]]
  [1m[36m (103.6ms)[0m  [1mcommit transaction[0m
  [1m[36mCat Load (2.3ms)[0m  [1mSELECT "cats".* FROM "cats"[0m
  [1m[35mCat Load (0.3ms)[0m  SELECT  "cats".* FROM "cats"  ORDER BY "cats"."id" ASC LIMIT 1
  [1m[36mToy Load (0.4ms)[0m  [1mSELECT "toys".* FROM "toys" WHERE "toys"."toyable_id" = ? AND "toys"."toyable_type" = ?[0m  [["toyable_id", 1], ["toyable_type", "Cat"]]
  [1m[35mCat Load (0.3ms)[0m  SELECT  "cats".* FROM "cats"  ORDER BY "cats"."id" DESC LIMIT 1
  [1m[36mToy Load (0.3ms)[0m  [1mSELECT "toys".* FROM "toys" WHERE "toys"."toyable_id" = ? AND "toys"."toyable_type" = ?[0m  [["toyable_id", 10], ["toyable_type", "Cat"]]
  [1m[35mToy Load (0.4ms)[0m  SELECT "toys".* FROM "toys"
  [1m[36mCat Load (0.3ms)[0m  [1mSELECT  "cats".* FROM "cats"  ORDER BY "cats"."id" DESC LIMIT 1[0m
  [1m[35mCat Load (0.5ms)[0m  SELECT "cats".* FROM "cats"
  [1m[36mCat Load (0.3ms)[0m  [1mSELECT "cats".* FROM "cats"[0m
  [1m[35mToy Load (0.2ms)[0m  SELECT "toys".* FROM "toys" WHERE "toys"."toyable_id" = ? AND "toys"."toyable_type" = ?  [["toyable_id", 8], ["toyable_type", "Cat"]]
  [1m[36mToy Load (0.3ms)[0m  [1mSELECT  "toys".* FROM "toys"  ORDER BY "toys"."id" ASC LIMIT 1[0m
  [1m[35mToy Load (0.2ms)[0m  SELECT  "toys".* FROM "toys"  ORDER BY "toys"."id" ASC LIMIT 1
  [1m[36mToy Load (0.3ms)[0m  [1mSELECT  "toys".* FROM "toys"  ORDER BY "toys"."id" ASC LIMIT 1[0m
  [1m[35mToy Load (0.3ms)[0m  SELECT  "toys".* FROM "toys"  ORDER BY "toys"."id" ASC LIMIT 1
  [1m[36mToy Load (0.2ms)[0m  [1mSELECT  "toys".* FROM "toys"  ORDER BY "toys"."id" ASC LIMIT 1[0m
  [1m[35mCorgi Load (0.2ms)[0m  SELECT  "corgis".* FROM "corgis" WHERE "corgis"."id" = ? LIMIT 1  [["id", 10]]
  [1m[36mToy Load (0.2ms)[0m  [1mSELECT  "toys".* FROM "toys" WHERE "toys"."id" = ? LIMIT 1[0m  [["id", 1]]
  [1m[35mCat Load (0.2ms)[0m  SELECT  "cats".* FROM "cats"  ORDER BY "cats"."id" ASC LIMIT 1
  [1m[36mToy Load (0.3ms)[0m  [1mSELECT "toys".* FROM "toys" WHERE "toys"."toyable_id" = ? AND "toys"."toyable_type" = ?[0m  [["toyable_id", 1], ["toyable_type", "Cat"]]
  [1m[35mToy Load (0.5ms)[0m  SELECT  "toys".* FROM "toys" WHERE "toys"."toyable_id" = ? AND "toys"."toyable_type" = ? AND "toys"."name" = ? LIMIT 1  [["toyable_id", 1], ["toyable_type", "Cat"], ["name", "Yarn"]]
  [1m[36m (0.2ms)[0m  [1mbegin transaction[0m
  [1m[35mSQL (0.7ms)[0m  INSERT INTO "toys" ("name", "toyable_id", "toyable_type") VALUES (?, ?, ?)  [["name", "Yarn"], ["toyable_id", 1], ["toyable_type", "Cat"]]
  [1m[36m (132.8ms)[0m  [1mcommit transaction[0m
  [1m[35m (0.2ms)[0m  begin transaction
  [1m[36mSQL (0.4ms)[0m  [1mINSERT INTO "toys" ("name", "toyable_id", "toyable_type") VALUES (?, ?, ?)[0m  [["name", "Great Toy"], ["toyable_id", 2], ["toyable_type", "Cat"]]
  [1m[35m (92.2ms)[0m  commit transaction
  [1m[36mCat Load (0.4ms)[0m  [1mSELECT "cats".* FROM "cats"[0m
  [1m[35mToy Load (0.1ms)[0m  SELECT "toys".* FROM "toys" WHERE "toys"."toyable_id" = ? AND "toys"."toyable_type" = ?  [["toyable_id", 4], ["toyable_type", "Cat"]]
  [1m[36mCat Load (0.4ms)[0m  [1mSELECT "cats".* FROM "cats"[0m
  [1m[35mToy Load (0.1ms)[0m  SELECT "toys".* FROM "toys" WHERE "toys"."toyable_id" = ? AND "toys"."toyable_type" = ?  [["toyable_id", 2], ["toyable_type", "Cat"]]
  [1m[36mCat Load (0.2ms)[0m  [1mSELECT  "cats".* FROM "cats"  ORDER BY "cats"."id" ASC LIMIT 1[0m
  [1m[35mToy Load (0.3ms)[0m  SELECT "toys".* FROM "toys" WHERE "toys"."toyable_id" = ? AND "toys"."toyable_type" = ?  [["toyable_id", 1], ["toyable_type", "Cat"]]
  [1m[36mCat Load (0.2ms)[0m  [1mSELECT  "cats".* FROM "cats"  ORDER BY "cats"."id" ASC LIMIT 1[0m
  [1m[35m (0.1ms)[0m  begin transaction
  [1m[36mSQL (0.5ms)[0m  [1mINSERT INTO "toys" ("name", "toyable_id", "toyable_type") VALUES (?, ?, ?)[0m  [["name", "Large Yarn"], ["toyable_id", 1], ["toyable_type", "Cat"]]
  [1m[35m (124.4ms)[0m  commit transaction
  [1m[36mCat Load (0.3ms)[0m  [1mSELECT  "cats".* FROM "cats"  ORDER BY "cats"."id" ASC LIMIT 1[0m
  [1m[35mToy Load (0.2ms)[0m  SELECT "toys".* FROM "toys" WHERE "toys"."toyable_id" = ? AND "toys"."toyable_type" = ?  [["toyable_id", 1], ["toyable_type", "Cat"]]
